<?xml version="1.0" encoding="UTF-8"?>
<!-- Generated by org.testng.reporters.JUnitReportReporter -->
<testsuite skipped="0" hostname="DESKTOP-68MG6AF" name="Tutorials.LaunchBrowsers" tests="1" failures="0" timestamp="2020-01-06T17:33:08 IST" time="8.707" errors="0">
  <testcase name="getBroswerAndLaunch" time="8.707" classname="Tutorials.LaunchBrowsers"/>
</testsuite> <!-- Tutorials.LaunchBrowsers -->
